=== build attempt 1 ===
`./scripts/build.sh`
Result: failed immediately because the copied script did not retain an execute bit in the workspace clone.
stderr: `zsh:1: permission denied: ./scripts/build.sh`

=== build attempt 2 ===
`./scripts/build.sh`
Result: failed after source integration.
Key errors fixed:
- `ConfigController` callback path filtering crossed a `@MainActor` boundary.
- `QueryParser` used shared formatter statics that Swift 6 rejected for concurrency safety.

=== build attempt 3 ===
`./scripts/build.sh`
Environment:
- `CLANG_MODULE_CACHE_PATH=.build/module-cache`
- `SWIFTPM_MODULECACHE_OVERRIDE=.build/module-cache`
- `SWIFTPM_CUSTOM_CACHE_PATH=.build/local-cache`
- `XDG_CACHE_HOME=.build/local-cache`

Result: success
Tail output:
- `Linking clip-03`
- `Build complete!`
- `/Users/ashleyraiteri/ashcode/agent-pb/clipboard-lab/ours/clip-03/build/clip-03.app`

=== swift test ===
Plain `swift test` in this sandbox fails with SwiftPM's internal sandbox step:
- `sandbox-exec: sandbox_apply: Operation not permitted`

The package was then validated with:
`swift test --disable-sandbox`

Result: success
Harness notes:
- `XCTest` and `Testing` modules are unavailable in this toolchain image.
- `Tests/QueryParserTests/QueryParserTests.swift` therefore uses a framework-free load-time harness that validates 13 parser cases during the test target build/run path.

Passing tail output:
- `Emitting module QueryParserTests`
- `Linking clip-03PackageTests`
- `Build complete! (1.37s)`

Final status:
- App bundle build: PASS
- Query parser harness: PASS with `swift test --disable-sandbox`
