warning: /Users/ashleyraiteri/Library/org.swift.swiftpm/configuration is not accessible or not writable, disabling user-level cache features.
warning: /Users/ashleyraiteri/Library/org.swift.swiftpm/security is not accessible or not writable, disabling user-level cache features.
warning: /Users/ashleyraiteri/Library/Caches/org.swift.swiftpm is not accessible or not writable, disabling user-level cache features.
warning: 'clip-01': failed loading cached manifest for 'clip-01': Error Domain=NSCocoaErrorDomain Code=513 "You don’t have permission to save the file “manifests” in the folder “org.swift.swiftpm”." UserInfo={NSFilePath=/Users/ashleyraiteri/Library/Caches/org.swift.swiftpm/manifests, NSURL=file:///Users/ashleyraiteri/Library/Caches/org.swift.swiftpm/manifests, NSUnderlyingError=0xc67598240 {Error Domain=NSPOSIXErrorDomain Code=1 "Operation not permitted"}}
warning: 'clip-01': failed storing manifest for 'clip-01' in cache: Error Domain=NSCocoaErrorDomain Code=513 "You don’t have permission to save the file “manifests” in the folder “org.swift.swiftpm”." UserInfo={NSFilePath=/Users/ashleyraiteri/Library/Caches/org.swift.swiftpm/manifests, NSURL=file:///Users/ashleyraiteri/Library/Caches/org.swift.swiftpm/manifests, NSUnderlyingError=0xc675980c0 {Error Domain=NSPOSIXErrorDomain Code=1 "Operation not permitted"}}
warning: 'clip-01': failed closing manifest db cache: Error Domain=NSCocoaErrorDomain Code=513 "You don’t have permission to save the file “manifests” in the folder “org.swift.swiftpm”." UserInfo={NSFilePath=/Users/ashleyraiteri/Library/Caches/org.swift.swiftpm/manifests, NSURL=file:///Users/ashleyraiteri/Library/Caches/org.swift.swiftpm/manifests, NSUnderlyingError=0xc675984b0 {Error Domain=NSPOSIXErrorDomain Code=1 "Operation not permitted"}}
Building for production...
[0/4] Write sources
[1/4] Write swift-version--1AB21518FC5DEDBE.txt
[3/5] Compiling Clip01App ClipboardPoller.swift
/Users/ashleyraiteri/ashcode/agent-pb/clipboard-lab/ours/clip-01/Sources/clip-01/main.swift:55:24: warning: call to main actor-isolated instance method 'toggle(relativeTo:)' in a synchronous nonisolated context [#ActorIsolatedCall]
52 |     }
53 | 
54 |     private func toggleHistoryWindow() {
   |                  `- note: add '@MainActor' to make instance method 'toggleHistoryWindow()' part of global actor 'MainActor'
55 |         historyWindow?.toggle(relativeTo: menuBar?.statusButton)
   |                        `- warning: call to main actor-isolated instance method 'toggle(relativeTo:)' in a synchronous nonisolated context [#ActorIsolatedCall]
56 |     }
57 | 

/Users/ashleyraiteri/ashcode/agent-pb/clipboard-lab/ours/clip-01/Sources/clip-01/HistoryWindow.swift:41:10: note: calls to instance method 'toggle(relativeTo:)' from outside of its actor context are implicitly asynchronous
 39 |     }
 40 | 
 41 |     func toggle(relativeTo statusButton: NSStatusBarButton?) {
    |          |- note: calls to instance method 'toggle(relativeTo:)' from outside of its actor context are implicitly asynchronous
    |          `- note: main actor isolation inferred from inheritance from class 'NSWindowController'
 42 |         guard let window else {
 43 |             return

/Users/ashleyraiteri/ashcode/agent-pb/clipboard-lab/ours/clip-01/Sources/clip-01/ClipboardPoller.swift:35:13: warning: capture of 'self' with non-Sendable type 'ClipboardPoller?' in a '@Sendable' closure [#SendableClosureCaptures]
  2 | import Foundation
  3 | 
  4 | final class ClipboardPoller {
    |             `- note: class 'ClipboardPoller' does not conform to the 'Sendable' protocol
  5 |     private let excludedTypes: Set<NSPasteboard.PasteboardType> = [
  6 |         NSPasteboard.PasteboardType("org.nspasteboard.ConcealedType"),
    :
 33 | 
 34 |         timer = Timer.scheduledTimer(withTimeInterval: pollingInterval, repeats: true) { [weak self] _ in
 35 |             self?.poll()
    |             `- warning: capture of 'self' with non-Sendable type 'ClipboardPoller?' in a '@Sendable' closure [#SendableClosureCaptures]
 36 |         }
 37 |         timer?.tolerance = pollingInterval * 0.25

/Users/ashleyraiteri/ashcode/agent-pb/clipboard-lab/ours/clip-01/Sources/clip-01/MenuBar.swift:24:20: warning: main actor-isolated property 'image' can not be mutated from a nonisolated context
20 |     }
21 | 
22 |     private func configure() {
   |                  `- note: add '@MainActor' to make instance method 'configure()' part of global actor 'MainActor'
23 |         if let button = statusItem.button {
24 |             button.image = NSImage(systemSymbolName: "clipboard", accessibilityDescription: "Clipboard History")
   |                    `- warning: main actor-isolated property 'image' can not be mutated from a nonisolated context
25 |             button.action = #selector(handleStatusItemClick(_:))
26 |             button.target = self

/Library/Developer/CommandLineTools/SDKs/MacOSX.sdk/System/Library/Frameworks/AppKit.framework/Headers/NSButton.h:129:39: note: mutation of this property is only permitted within the actor
127 | 
128 | /*! The image that appears on the button when it’s in an off state, or nil if there is no such image. */
129 | @property (nullable, strong) NSImage *image;
    |                                       `- note: mutation of this property is only permitted within the actor
130 | 
131 | /*! An alternate image that appears on the button when the button is in an on state, or nil if there is no such image. Note that some button types do not display an alternate image. */

/Users/ashleyraiteri/ashcode/agent-pb/clipboard-lab/ours/clip-01/Sources/clip-01/MenuBar.swift:25:20: warning: main actor-isolated property 'action' can not be mutated from a nonisolated context
20 |     }
21 | 
22 |     private func configure() {
   |                  `- note: add '@MainActor' to make instance method 'configure()' part of global actor 'MainActor'
23 |         if let button = statusItem.button {
24 |             button.image = NSImage(systemSymbolName: "clipboard", accessibilityDescription: "Clipboard History")
25 |             button.action = #selector(handleStatusItemClick(_:))
   |                    `- warning: main actor-isolated property 'action' can not be mutated from a nonisolated context
26 |             button.target = self
27 |             button.sendAction(on: [.leftMouseUp, .rightMouseUp])

/Library/Developer/CommandLineTools/SDKs/MacOSX.sdk/System/Library/Frameworks/AppKit.framework/Headers/NSControl.h:25:26: note: mutation of this property is only permitted within the actor
 23 | 
 24 | @property (nullable, weak) id target; // Target is weak for zeroing-weak compatible objects in apps linked on 10.10 or later. Otherwise the behavior of this property is 'assign’.
 25 | @property (nullable) SEL action;
    |                          `- note: mutation of this property is only permitted within the actor
 26 | @property NSInteger tag;
 27 | @property BOOL ignoresMultiClick;

/Users/ashleyraiteri/ashcode/agent-pb/clipboard-lab/ours/clip-01/Sources/clip-01/MenuBar.swift:26:20: warning: main actor-isolated property 'target' can not be mutated from a nonisolated context
20 |     }
21 | 
22 |     private func configure() {
   |                  `- note: add '@MainActor' to make instance method 'configure()' part of global actor 'MainActor'
23 |         if let button = statusItem.button {
24 |             button.image = NSImage(systemSymbolName: "clipboard", accessibilityDescription: "Clipboard History")
25 |             button.action = #selector(handleStatusItemClick(_:))
26 |             button.target = self
   |                    `- warning: main actor-isolated property 'target' can not be mutated from a nonisolated context
27 |             button.sendAction(on: [.leftMouseUp, .rightMouseUp])
28 |         }

/Library/Developer/CommandLineTools/SDKs/MacOSX.sdk/System/Library/Frameworks/AppKit.framework/Headers/NSControl.h:24:31: note: mutation of this property is only permitted within the actor
 22 | - (nullable instancetype)initWithCoder:(NSCoder *)coder NS_DESIGNATED_INITIALIZER;
 23 | 
 24 | @property (nullable, weak) id target; // Target is weak for zeroing-weak compatible objects in apps linked on 10.10 or later. Otherwise the behavior of this property is 'assign’.
    |                               `- note: mutation of this property is only permitted within the actor
 25 | @property (nullable) SEL action;
 26 | @property NSInteger tag;

/Users/ashleyraiteri/ashcode/agent-pb/clipboard-lab/ours/clip-01/Sources/clip-01/MenuBar.swift:27:20: warning: call to main actor-isolated instance method 'sendAction(on:)' in a synchronous nonisolated context [#ActorIsolatedCall]
20 |     }
21 | 
22 |     private func configure() {
   |                  `- note: add '@MainActor' to make instance method 'configure()' part of global actor 'MainActor'
23 |         if let button = statusItem.button {
24 |             button.image = NSImage(systemSymbolName: "clipboard", accessibilityDescription: "Clipboard History")
25 |             button.action = #selector(handleStatusItemClick(_:))
26 |             button.target = self
27 |             button.sendAction(on: [.leftMouseUp, .rightMouseUp])
   |                    `- warning: call to main actor-isolated instance method 'sendAction(on:)' in a synchronous nonisolated context [#ActorIsolatedCall]
28 |         }
29 | 

AppKit.NSControl.sendAction:2:22: note: calls to instance method 'sendAction(on:)' from outside of its actor context are implicitly asynchronous
1 | class NSControl {
2 | @MainActor open func sendAction(on mask: NSEvent.EventTypeMask) -> Int}
  |                      |- note: calls to instance method 'sendAction(on:)' from outside of its actor context are implicitly asynchronous
  |                      `- note: main actor isolation inferred from inheritance from class 'NSView'
3 | 

/Users/ashleyraiteri/ashcode/agent-pb/clipboard-lab/ours/clip-01/Sources/clip-01/MenuBar.swift:37:18: warning: main actor-isolated property 'currentEvent' can not be referenced from a nonisolated context
34 |     }
35 | 
36 |     @objc private func handleStatusItemClick(_ sender: Any?) {
   |                        `- note: add '@MainActor' to make instance method 'handleStatusItemClick' part of global actor 'MainActor'
37 |         if NSApp.currentEvent?.type == .rightMouseUp {
   |                  `- warning: main actor-isolated property 'currentEvent' can not be referenced from a nonisolated context
38 |             statusItem.menu = menu
39 |             statusItem.button?.performClick(sender)

/Library/Developer/CommandLineTools/SDKs/MacOSX.sdk/System/Library/Frameworks/AppKit.framework/Headers/NSApplication.h:353:49: note: property declared here
351 | - (void)sendEvent:(NSEvent *)event;
352 | - (void)postEvent:(NSEvent *)event atStart:(BOOL)atStart;
353 | @property (nullable, readonly, strong) NSEvent *currentEvent;
    |                                                 `- note: property declared here
354 | - (nullable NSEvent *)nextEventMatchingMask:(NSEventMask)mask untilDate:(nullable NSDate *)expiration inMode:(NSRunLoopMode)mode dequeue:(BOOL)deqFlag;
355 | - (void)discardEventsMatchingMask:(NSEventMask)mask beforeEvent:(nullable NSEvent *)lastEvent;

/Users/ashleyraiteri/ashcode/agent-pb/clipboard-lab/ours/clip-01/Sources/clip-01/MenuBar.swift:37:12: warning: main actor-isolated var 'NSApp' can not be referenced from a nonisolated context
34 |     }
35 | 
36 |     @objc private func handleStatusItemClick(_ sender: Any?) {
   |                        `- note: add '@MainActor' to make instance method 'handleStatusItemClick' part of global actor 'MainActor'
37 |         if NSApp.currentEvent?.type == .rightMouseUp {
   |            `- warning: main actor-isolated var 'NSApp' can not be referenced from a nonisolated context
38 |             statusItem.menu = menu
39 |             statusItem.button?.performClick(sender)

/Library/Developer/CommandLineTools/SDKs/MacOSX.sdk/System/Library/Frameworks/AppKit.framework/Headers/NSApplication.h:191:58: note: var declared here
189 | @interface NSApplication : NSResponder <NSUserInterfaceValidations, NSMenuItemValidation, NSAccessibilityElement, NSAccessibility>
190 | 
191 | APPKIT_EXTERN __kindof NSApplication * _Null_unspecified NSApp NS_SWIFT_UI_ACTOR;
    |                                                          `- note: var declared here
192 | 
193 | @property (class, readonly, strong) __kindof NSApplication *sharedApplication;

/Users/ashleyraiteri/ashcode/agent-pb/clipboard-lab/ours/clip-01/Sources/clip-01/MenuBar.swift:39:32: warning: call to main actor-isolated instance method 'performClick' in a synchronous nonisolated context [#ActorIsolatedCall]
34 |     }
35 | 
36 |     @objc private func handleStatusItemClick(_ sender: Any?) {
   |                        `- note: add '@MainActor' to make instance method 'handleStatusItemClick' part of global actor 'MainActor'
37 |         if NSApp.currentEvent?.type == .rightMouseUp {
38 |             statusItem.menu = menu
39 |             statusItem.button?.performClick(sender)
   |                                `- warning: call to main actor-isolated instance method 'performClick' in a synchronous nonisolated context [#ActorIsolatedCall]
40 |             statusItem.menu = nil
41 |             return

AppKit.NSControl.performClick:2:22: note: calls to instance method 'performClick' from outside of its actor context are implicitly asynchronous
1 | class NSControl {
2 | @MainActor open func performClick(_ sender: Any?)}
  |                      |- note: calls to instance method 'performClick' from outside of its actor context are implicitly asynchronous
  |                      `- note: main actor isolation inferred from inheritance from class 'NSView'
3 | 

/Users/ashleyraiteri/ashcode/agent-pb/clipboard-lab/ours/clip-01/Sources/clip-01/Store.swift:60:24: error: static property 'dateFormatter' is not concurrency-safe because non-'Sendable' type 'RelativeDateTimeFormatter' may have shared mutable state [#MutableGlobalVariable]
 58 |     }
 59 | 
 60 |     private static let dateFormatter: RelativeDateTimeFormatter = {
    |                        |- error: static property 'dateFormatter' is not concurrency-safe because non-'Sendable' type 'RelativeDateTimeFormatter' may have shared mutable state [#MutableGlobalVariable]
    |                        |- note: add '@MainActor' to make static property 'dateFormatter' part of global actor 'MainActor'
    |                        `- note: disable concurrency-safety checks if accesses are protected by an external synchronization mechanism
 61 |         let formatter = RelativeDateTimeFormatter()
 62 |         formatter.unitsStyle = .short

/Library/Developer/CommandLineTools/SDKs/MacOSX.sdk/System/Library/Frameworks/Foundation.framework/Headers/NSRelativeDateTimeFormatter.h:27:12: note: class 'RelativeDateTimeFormatter' does not conform to the 'Sendable' protocol
25 |  */
26 | API_AVAILABLE(macosx(10.15), ios(13.0), watchos(6.0), tvos(13.0))
27 | @interface NSRelativeDateTimeFormatter : NSFormatter
   |            `- note: class 'RelativeDateTimeFormatter' does not conform to the 'Sendable' protocol
28 | #if !__OBJC2__
29 | {

/Users/ashleyraiteri/ashcode/agent-pb/clipboard-lab/ours/clip-01/Sources/clip-01/Store.swift:153:83: error: cannot find 'SQLITE_TRANSIENT' in scope
151 |                 var index: Int32 = 1
152 |                 if bindSearch {
153 |                     sqlite3_bind_text(statement, index, "%\(trimmedSearch)%", -1, SQLITE_TRANSIENT)
    |                                                                                   `- error: cannot find 'SQLITE_TRANSIENT' in scope
154 |                     index += 1
155 |                 }

/Users/ashleyraiteri/ashcode/agent-pb/clipboard-lab/ours/clip-01/Sources/clip-01/Store.swift:192:60: error: cannot find 'SQLITE_TRANSIENT' in scope
190 |         VALUES (?, ?, ?, ?, ?, ?, ?);
191 |         """) { statement in
192 |             sqlite3_bind_text(statement, 1, record.id, -1, SQLITE_TRANSIENT)
    |                                                            `- error: cannot find 'SQLITE_TRANSIENT' in scope
193 |             sqlite3_bind_double(statement, 2, record.createdAt.timeIntervalSince1970)
194 |             bind(optionalText: record.sourceApp, to: statement, index: 3)

/Users/ashleyraiteri/ashcode/agent-pb/clipboard-lab/ours/clip-01/Sources/clip-01/Store.swift:195:71: error: cannot find 'SQLITE_TRANSIENT' in scope
193 |             sqlite3_bind_double(statement, 2, record.createdAt.timeIntervalSince1970)
194 |             bind(optionalText: record.sourceApp, to: statement, index: 3)
195 |             sqlite3_bind_text(statement, 4, record.kind.rawValue, -1, SQLITE_TRANSIENT)
    |                                                                       `- error: cannot find 'SQLITE_TRANSIENT' in scope
196 |             sqlite3_bind_text(statement, 5, record.searchableText, -1, SQLITE_TRANSIENT)
197 |             bind(optionalText: record.textValue, to: statement, index: 6)

/Users/ashleyraiteri/ashcode/agent-pb/clipboard-lab/ours/clip-01/Sources/clip-01/Store.swift:196:72: error: cannot find 'SQLITE_TRANSIENT' in scope
194 |             bind(optionalText: record.sourceApp, to: statement, index: 3)
195 |             sqlite3_bind_text(statement, 4, record.kind.rawValue, -1, SQLITE_TRANSIENT)
196 |             sqlite3_bind_text(statement, 5, record.searchableText, -1, SQLITE_TRANSIENT)
    |                                                                        `- error: cannot find 'SQLITE_TRANSIENT' in scope
197 |             bind(optionalText: record.textValue, to: statement, index: 6)
198 |             bind(optionalData: record.payload, to: statement, index: 7)

/Users/ashleyraiteri/ashcode/agent-pb/clipboard-lab/ours/clip-01/Sources/clip-01/Store.swift:287:56: error: cannot find 'SQLITE_TRANSIENT' in scope
285 |             return
286 |         }
287 |         sqlite3_bind_text(statement, index, value, -1, SQLITE_TRANSIENT)
    |                                                        `- error: cannot find 'SQLITE_TRANSIENT' in scope
288 |     }
289 | 

/Users/ashleyraiteri/ashcode/agent-pb/clipboard-lab/ours/clip-01/Sources/clip-01/Store.swift:297:82: error: cannot find 'SQLITE_TRANSIENT' in scope
295 |         value.withUnsafeBytes { buffer in
296 |             if let pointer = buffer.baseAddress {
297 |                 sqlite3_bind_blob(statement, index, pointer, Int32(value.count), SQLITE_TRANSIENT)
    |                                                                                  `- error: cannot find 'SQLITE_TRANSIENT' in scope
298 |             } else {
299 |                 sqlite3_bind_blob(statement, index, nil, 0, SQLITE_TRANSIENT)

/Users/ashleyraiteri/ashcode/agent-pb/clipboard-lab/ours/clip-01/Sources/clip-01/Store.swift:299:61: error: cannot find 'SQLITE_TRANSIENT' in scope
297 |                 sqlite3_bind_blob(statement, index, pointer, Int32(value.count), SQLITE_TRANSIENT)
298 |             } else {
299 |                 sqlite3_bind_blob(statement, index, nil, 0, SQLITE_TRANSIENT)
    |                                                             `- error: cannot find 'SQLITE_TRANSIENT' in scope
300 |             }
301 |         }

[#ActorIsolatedCall]: <https://docs.swift.org/compiler/documentation/diagnostics/actor-isolated-call>
[#MutableGlobalVariable]: <https://docs.swift.org/compiler/documentation/diagnostics/mutable-global-variable>
[#SendableClosureCaptures]: <https://docs.swift.org/compiler/documentation/diagnostics/sendable-closure-captures>

=== simplify rebuild ===
warning: /Users/ashleyraiteri/Library/org.swift.swiftpm/configuration is not accessible or not writable, disabling user-level cache features.
warning: /Users/ashleyraiteri/Library/org.swift.swiftpm/security is not accessible or not writable, disabling user-level cache features.
warning: /Users/ashleyraiteri/Library/Caches/org.swift.swiftpm is not accessible or not writable, disabling user-level cache features.
warning: 'clip-01': failed loading cached manifest for 'clip-01': Error Domain=NSCocoaErrorDomain Code=513 "You don’t have permission to save the file “manifests” in the folder “org.swift.swiftpm”." UserInfo={NSFilePath=/Users/ashleyraiteri/Library/Caches/org.swift.swiftpm/manifests, NSURL=file:///Users/ashleyraiteri/Library/Caches/org.swift.swiftpm/manifests, NSUnderlyingError=0x7c7590240 {Error Domain=NSPOSIXErrorDomain Code=1 "Operation not permitted"}}
warning: 'clip-01': failed storing manifest for 'clip-01' in cache: Error Domain=NSCocoaErrorDomain Code=513 "You don’t have permission to save the file “manifests” in the folder “org.swift.swiftpm”." UserInfo={NSFilePath=/Users/ashleyraiteri/Library/Caches/org.swift.swiftpm/manifests, NSURL=file:///Users/ashleyraiteri/Library/Caches/org.swift.swiftpm/manifests, NSUnderlyingError=0x7c75900c0 {Error Domain=NSPOSIXErrorDomain Code=1 "Operation not permitted"}}
warning: 'clip-01': failed closing manifest db cache: Error Domain=NSCocoaErrorDomain Code=513 "You don’t have permission to save the file “manifests” in the folder “org.swift.swiftpm”." UserInfo={NSFilePath=/Users/ashleyraiteri/Library/Caches/org.swift.swiftpm/manifests, NSURL=file:///Users/ashleyraiteri/Library/Caches/org.swift.swiftpm/manifests, NSUnderlyingError=0x7c75904b0 {Error Domain=NSPOSIXErrorDomain Code=1 "Operation not permitted"}}
[0/1] Planning build
Building for production...
[0/4] Write sources
[1/4] Write swift-version--1AB21518FC5DEDBE.txt
[3/5] Compiling Clip01App ClipboardPoller.swift
/Users/ashleyraiteri/ashcode/agent-pb/clipboard-lab/ours/clip-01/Sources/clip-01/ClipboardPoller.swift:36:19: warning: call to main actor-isolated instance method 'poll()' in a synchronous nonisolated context [#ActorIsolatedCall]
 34 | 
 35 |         timer = Timer.scheduledTimer(withTimeInterval: pollingInterval, repeats: true) { [weak self] _ in
 36 |             self?.poll()
    |                   `- warning: call to main actor-isolated instance method 'poll()' in a synchronous nonisolated context [#ActorIsolatedCall]
 37 |         }
 38 |         timer?.tolerance = pollingInterval * 0.25
    :
 44 |     }
 45 | 
 46 |     private func poll() {
    |                  `- note: calls to instance method 'poll()' from outside of its actor context are implicitly asynchronous
 47 |         guard pasteboard.changeCount != observedChangeCount else {
 48 |             return

/Users/ashleyraiteri/ashcode/agent-pb/clipboard-lab/ours/clip-01/Sources/clip-01/Store.swift:291:15: warning: result of call to 'withUnsafeBytes' is unused [#no-usage]
289 |             return
290 |         }
291 |         value.withUnsafeBytes { buffer in
    |               `- warning: result of call to 'withUnsafeBytes' is unused [#no-usage]
292 |             if let pointer = buffer.baseAddress {
293 |                 sqlite3_bind_blob(statement, index, pointer, Int32(value.count), sqliteTransient)

[#ActorIsolatedCall]: <https://docs.swift.org/compiler/documentation/diagnostics/actor-isolated-call>
[3/5] Write Objects.LinkFileList
[4/5] Linking clip-01
Build complete! (2.18s)
/Users/ashleyraiteri/ashcode/agent-pb/clipboard-lab/ours/clip-01/build/clip-01.app

=== warning cleanup rebuild ===
warning: /Users/ashleyraiteri/Library/org.swift.swiftpm/configuration is not accessible or not writable, disabling user-level cache features.
warning: /Users/ashleyraiteri/Library/org.swift.swiftpm/security is not accessible or not writable, disabling user-level cache features.
warning: /Users/ashleyraiteri/Library/Caches/org.swift.swiftpm is not accessible or not writable, disabling user-level cache features.
warning: 'clip-01': failed loading cached manifest for 'clip-01': Error Domain=NSCocoaErrorDomain Code=513 "You don’t have permission to save the file “manifests” in the folder “org.swift.swiftpm”." UserInfo={NSFilePath=/Users/ashleyraiteri/Library/Caches/org.swift.swiftpm/manifests, NSURL=file:///Users/ashleyraiteri/Library/Caches/org.swift.swiftpm/manifests, NSUnderlyingError=0x7c7590240 {Error Domain=NSPOSIXErrorDomain Code=1 "Operation not permitted"}}
warning: 'clip-01': failed storing manifest for 'clip-01' in cache: Error Domain=NSCocoaErrorDomain Code=513 "You don’t have permission to save the file “manifests” in the folder “org.swift.swiftpm”." UserInfo={NSFilePath=/Users/ashleyraiteri/Library/Caches/org.swift.swiftpm/manifests, NSURL=file:///Users/ashleyraiteri/Library/Caches/org.swift.swiftpm/manifests, NSUnderlyingError=0x7c75900c0 {Error Domain=NSPOSIXErrorDomain Code=1 "Operation not permitted"}}
warning: 'clip-01': failed closing manifest db cache: Error Domain=NSCocoaErrorDomain Code=513 "You don’t have permission to save the file “manifests” in the folder “org.swift.swiftpm”." UserInfo={NSFilePath=/Users/ashleyraiteri/Library/Caches/org.swift.swiftpm/manifests, NSURL=file:///Users/ashleyraiteri/Library/Caches/org.swift.swiftpm/manifests, NSUnderlyingError=0x7c75904b0 {Error Domain=NSPOSIXErrorDomain Code=1 "Operation not permitted"}}
Building for production...
[0/3] Write sources
[1/3] Write swift-version--1AB21518FC5DEDBE.txt
[3/4] Compiling Clip01App ClipboardPoller.swift
[3/5] Write Objects.LinkFileList
[4/5] Linking clip-01
Build complete! (1.43s)
/Users/ashleyraiteri/ashcode/agent-pb/clipboard-lab/ours/clip-01/build/clip-01.app
